<?xml version="1.0" encoding="UTF-8"?>
<!-- Generated by org.testng.reporters.JUnitReportReporter -->
<testsuite hostname="zsw-MacBook-Pro.local" failures="0" tests="2" name="com.buggycar.ProfileTest" time="7.375" errors="0" timestamp="2023-05-03T16:08:48 NZST" skipped="0">
  <testcase classname="com.buggycar.ProfileTest" name="profileTest" time="3.546"/>
  <system-out/>
  <testcase classname="com.buggycar.ProfileTest" name="profileTest" time="3.829"/>
  <system-out/>
</testsuite> <!-- com.buggycar.ProfileTest -->
