<?xml version="1.0" encoding="UTF-8"?>
<!-- Generated by org.testng.reporters.JUnitReportReporter -->
<testsuite hostname="zsw-MacBook-Pro.local" failures="0" tests="3" name="com.buggycar.LinkTest" time="5.835" errors="0" timestamp="2023-05-03T10:33:39 NZST" skipped="0">
  <testcase classname="com.buggycar.LinkTest" name="linkTest" time="2.293"/>
  <system-out/>
  <testcase classname="com.buggycar.LinkTest" name="linkModelTest" time="1.771"/>
  <system-out/>
  <testcase classname="com.buggycar.LinkTest" name="linkOverallTest" time="1.771"/>
  <system-out/>
</testsuite> <!-- com.buggycar.LinkTest -->
