<?xml version="1.0" encoding="UTF-8"?>
<!-- Generated by org.testng.reporters.JUnitReportReporter -->
<testsuite hostname="zsw-MacBook-Pro.local" failures="0" tests="6" name="com.buggycar.LinkTest" time="15.437" errors="0" timestamp="2023-05-03T16:08:48 NZST" skipped="0">
  <testcase classname="com.buggycar.LinkTest" name="linkTest" time="1.657"/>
  <system-out/>
  <testcase classname="com.buggycar.LinkTest" name="linkTest" time="3.807"/>
  <system-out/>
  <testcase classname="com.buggycar.LinkTest" name="linkModelTest" time="1.673"/>
  <system-out/>
  <testcase classname="com.buggycar.LinkTest" name="linkModelTest" time="3.219"/>
  <system-out/>
  <testcase classname="com.buggycar.LinkTest" name="linkOverallTest" time="3.492"/>
  <system-out/>
  <testcase classname="com.buggycar.LinkTest" name="linkOverallTest" time="1.589"/>
  <system-out/>
</testsuite> <!-- com.buggycar.LinkTest -->
