<?xml version="1.0" encoding="UTF-8"?>
<!-- Generated by org.testng.reporters.JUnitReportReporter -->
<testsuite hostname="zsw-MacBook-Pro.local" failures="0" tests="1" name="com.buggycar.VoteTest" time="8.297" errors="0" timestamp="2023-05-03T10:33:39 NZST" skipped="0">
  <testcase classname="com.buggycar.VoteTest" name="voteTest" time="8.297"/>
  <system-out/>
</testsuite> <!-- com.buggycar.VoteTest -->
