<?xml version="1.0" encoding="UTF-8"?>
<!-- Generated by org.testng.reporters.JUnitReportReporter -->
<testsuite hostname="zsw-MacBook-Pro.local" failures="0" tests="3" name="com.buggycar.LinkTest" time="6.703" errors="0" timestamp="2023-04-23T20:37:16 NZST" skipped="0">
  <testcase classname="com.buggycar.LinkTest" name="linkTest" time="2.326"/>
  <system-out/>
  <testcase classname="com.buggycar.LinkTest" name="linkModelTest" time="2.527"/>
  <system-out/>
  <testcase classname="com.buggycar.LinkTest" name="linkOverallTest" time="1.850"/>
  <system-out/>
</testsuite> <!-- com.buggycar.LinkTest -->
