<?xml version="1.0" encoding="UTF-8"?>
<!-- Generated by org.testng.reporters.JUnitReportReporter -->
<testsuite hostname="zsw-MacBook-Pro.local" failures="0" tests="6" name="com.buggycar.LinkTest" time="15.727" errors="0" timestamp="2023-05-03T21:03:23 NZST" skipped="0">
  <testcase classname="com.buggycar.LinkTest" name="linkTest" time="1.713"/>
  <system-out/>
  <testcase classname="com.buggycar.LinkTest" name="linkTest" time="3.617"/>
  <system-out/>
  <testcase classname="com.buggycar.LinkTest" name="linkModelTest" time="1.691"/>
  <system-out/>
  <testcase classname="com.buggycar.LinkTest" name="linkModelTest" time="3.740"/>
  <system-out/>
  <testcase classname="com.buggycar.LinkTest" name="linkOverallTest" time="3.257"/>
  <system-out/>
  <testcase classname="com.buggycar.LinkTest" name="linkOverallTest" time="1.709"/>
  <system-out/>
</testsuite> <!-- com.buggycar.LinkTest -->
