<?xml version="1.0" encoding="UTF-8"?>
<!-- Generated by org.testng.reporters.JUnitReportReporter -->
<testsuite hostname="zsw-MacBook-Pro.local" failures="0" tests="3" name="com.buggycar.LoginTest" time="6.452" errors="0" timestamp="2023-05-03T10:33:39 NZST" skipped="0">
  <testcase classname="com.buggycar.LoginTest" name="correctCredentialTest" time="2.248"/>
  <system-out/>
  <testcase classname="com.buggycar.LoginTest" name="wrongCredentialTest" time="1.832"/>
  <system-out/>
  <testcase classname="com.buggycar.LoginTest" name="logoutTest" time="2.372"/>
  <system-out/>
</testsuite> <!-- com.buggycar.LoginTest -->
