<?xml version="1.0" encoding="UTF-8"?>
<!-- Generated by org.testng.reporters.JUnitReportReporter -->
<testsuite hostname="zsw-MacBook-Pro.local" failures="0" tests="1" name="com.buggycar.VoteTest" time="8.948" errors="0" timestamp="2023-05-03T21:03:23 NZST" skipped="0">
  <testcase classname="com.buggycar.VoteTest" name="voteTest" time="8.948"/>
  <system-out/>
</testsuite> <!-- com.buggycar.VoteTest -->
