<?xml version="1.0" encoding="UTF-8"?>
<!-- Generated by org.testng.reporters.JUnitReportReporter -->
<testsuite hostname="zsw-MacBook-Pro.local" failures="0" tests="6" name="com.buggycar.LoginTest" time="17.746" errors="0" timestamp="2023-05-03T21:03:23 NZST" skipped="0">
  <testcase classname="com.buggycar.LoginTest" name="correctCredentialTest" time="2.377"/>
  <system-out/>
  <testcase classname="com.buggycar.LoginTest" name="correctCredentialTest" time="3.859"/>
  <system-out/>
  <testcase classname="com.buggycar.LoginTest" name="wrongCredentialTest" time="2.156"/>
  <system-out/>
  <testcase classname="com.buggycar.LoginTest" name="wrongCredentialTest" time="2.998"/>
  <system-out/>
  <testcase classname="com.buggycar.LoginTest" name="logoutTest" time="2.354"/>
  <system-out/>
  <testcase classname="com.buggycar.LoginTest" name="logoutTest" time="4.002"/>
  <system-out/>
</testsuite> <!-- com.buggycar.LoginTest -->
