<?xml version="1.0" encoding="UTF-8"?>
<!-- Generated by org.testng.reporters.JUnitReportReporter -->
<testsuite hostname="zsw-MacBook-Pro.local" failures="0" tests="6" name="com.buggycar.LinkTest" time="16.112" errors="0" timestamp="2023-05-10T12:10:53 NZST" skipped="0">
  <testcase classname="com.buggycar.LinkTest" name="linkTest" time="3.614"/>
  <system-out/>
  <testcase classname="com.buggycar.LinkTest" name="linkTest" time="1.818"/>
  <system-out/>
  <testcase classname="com.buggycar.LinkTest" name="linkModelTest" time="1.867"/>
  <system-out/>
  <testcase classname="com.buggycar.LinkTest" name="linkModelTest" time="3.625"/>
  <system-out/>
  <testcase classname="com.buggycar.LinkTest" name="linkOverallTest" time="3.421"/>
  <system-out/>
  <testcase classname="com.buggycar.LinkTest" name="linkOverallTest" time="1.767"/>
  <system-out/>
</testsuite> <!-- com.buggycar.LinkTest -->
