<?xml version="1.0" encoding="UTF-8"?>
<!-- Generated by org.testng.reporters.JUnitReportReporter -->
<testsuite hostname="zsw-MacBook-Pro.local" failures="0" tests="1" name="com.buggycar.ProfileTest" time="3.590" errors="0" timestamp="2023-05-03T10:33:39 NZST" skipped="0">
  <testcase classname="com.buggycar.ProfileTest" name="profileTest" time="3.590"/>
  <system-out/>
</testsuite> <!-- com.buggycar.ProfileTest -->
