<?xml version="1.0" encoding="UTF-8"?>
<!-- Generated by org.testng.reporters.JUnitReportReporter -->
<testsuite hostname="zsw-MacBook-Pro.local" failures="0" tests="1" name="com.buggycar.ProfileTest" time="3.610" errors="0" timestamp="2023-04-23T18:19:38 NZST" skipped="0">
  <testcase classname="com.buggycar.ProfileTest" name="profileTest" time="3.610"/>
  <system-out/>
</testsuite> <!-- com.buggycar.ProfileTest -->
