<?xml version="1.0" encoding="UTF-8"?>
<!-- Generated by org.testng.reporters.JUnitReportReporter -->
<testsuite hostname="zsw-MacBook-Pro.local" failures="0" tests="6" name="com.buggycar.LoginTest" time="19.208" errors="0" timestamp="2023-05-10T12:10:53 NZST" skipped="0">
  <testcase classname="com.buggycar.LoginTest" name="correctCredentialTest" time="2.880"/>
  <system-out/>
  <testcase classname="com.buggycar.LoginTest" name="correctCredentialTest" time="3.407"/>
  <system-out/>
  <testcase classname="com.buggycar.LoginTest" name="wrongCredentialTest" time="4.243"/>
  <system-out/>
  <testcase classname="com.buggycar.LoginTest" name="wrongCredentialTest" time="1.959"/>
  <system-out/>
  <testcase classname="com.buggycar.LoginTest" name="logoutTest" time="3.563"/>
  <system-out/>
  <testcase classname="com.buggycar.LoginTest" name="logoutTest" time="3.156"/>
  <system-out/>
</testsuite> <!-- com.buggycar.LoginTest -->
