<?xml version="1.0" encoding="UTF-8"?>
<!-- Generated by org.testng.reporters.JUnitReportReporter -->
<testsuite hostname="zsw-MacBook-Pro.local" failures="0" tests="6" name="com.buggycar.LoginTest" time="18.211" errors="0" timestamp="2023-05-03T17:24:27 NZST" skipped="0">
  <testcase classname="com.buggycar.LoginTest" name="correctCredentialTest" time="2.648"/>
  <system-out/>
  <testcase classname="com.buggycar.LoginTest" name="correctCredentialTest" time="3.456"/>
  <system-out/>
  <testcase classname="com.buggycar.LoginTest" name="wrongCredentialTest" time="3.950"/>
  <system-out/>
  <testcase classname="com.buggycar.LoginTest" name="wrongCredentialTest" time="1.832"/>
  <system-out/>
  <testcase classname="com.buggycar.LoginTest" name="logoutTest" time="2.804"/>
  <system-out/>
  <testcase classname="com.buggycar.LoginTest" name="logoutTest" time="3.521"/>
  <system-out/>
</testsuite> <!-- com.buggycar.LoginTest -->
