<?xml version="1.0" encoding="UTF-8"?>
<!-- Generated by org.testng.reporters.JUnitReportReporter -->
<testsuite hostname="zsw-MacBook-Pro.local" failures="0" tests="1" name="com.buggycar.VoteTest" time="9.171" errors="0" timestamp="2023-04-24T00:30:17 NZST" skipped="0">
  <testcase classname="com.buggycar.VoteTest" name="voteTest" time="9.171"/>
  <system-out/>
</testsuite> <!-- com.buggycar.VoteTest -->
