<?xml version="1.0" encoding="UTF-8"?>
<!-- Generated by org.testng.reporters.JUnitReportReporter -->
<testsuite hostname="zsw-MacBook-Pro.local" failures="0" tests="2" name="com.buggycar.RegisterTest" time="5.501" errors="0" timestamp="2023-05-03T21:03:23 NZST" skipped="0">
  <testcase classname="com.buggycar.RegisterTest" name="registerTest" time="1.860"/>
  <system-out/>
  <testcase classname="com.buggycar.RegisterTest" name="registerTest" time="3.641"/>
  <system-out/>
</testsuite> <!-- com.buggycar.RegisterTest -->
