<?xml version="1.0" encoding="UTF-8"?>
<!-- Generated by org.testng.reporters.JUnitReportReporter -->
<testsuite hostname="zsw-MacBook-Pro.local" failures="0" tests="3" name="com.buggycar.LoginTest" time="7.053" errors="0" timestamp="2023-04-23T22:44:07 NZST" skipped="0">
  <testcase classname="com.buggycar.LoginTest" name="correctCredentialTest" time="2.648"/>
  <system-out/>
  <testcase classname="com.buggycar.LoginTest" name="wrongCredentialTest" time="1.926"/>
  <system-out/>
  <testcase classname="com.buggycar.LoginTest" name="logoutTest" time="2.479"/>
  <system-out/>
</testsuite> <!-- com.buggycar.LoginTest -->
