<?xml version="1.0" encoding="UTF-8"?>
<!-- Generated by org.testng.reporters.JUnitReportReporter -->
<testsuite hostname="zsw-MacBook-Pro.local" failures="0" tests="6" name="com.buggycar.LoginTest" time="17.877" errors="0" timestamp="2023-05-03T16:08:48 NZST" skipped="0">
  <testcase classname="com.buggycar.LoginTest" name="correctCredentialTest" time="3.177"/>
  <system-out/>
  <testcase classname="com.buggycar.LoginTest" name="correctCredentialTest" time="2.783"/>
  <system-out/>
  <testcase classname="com.buggycar.LoginTest" name="wrongCredentialTest" time="3.626"/>
  <system-out/>
  <testcase classname="com.buggycar.LoginTest" name="wrongCredentialTest" time="1.782"/>
  <system-out/>
  <testcase classname="com.buggycar.LoginTest" name="logoutTest" time="4.149"/>
  <system-out/>
  <testcase classname="com.buggycar.LoginTest" name="logoutTest" time="2.360"/>
  <system-out/>
</testsuite> <!-- com.buggycar.LoginTest -->
