<?xml version="1.0" encoding="UTF-8"?>
<!-- Generated by org.testng.reporters.JUnitReportReporter -->
<testsuite hostname="zsw-MacBook-Pro.local" failures="0" tests="3" name="com.buggycar.LinkTest" time="5.875" errors="0" timestamp="2023-04-24T00:30:17 NZST" skipped="0">
  <testcase classname="com.buggycar.LinkTest" name="linkTest" time="1.694"/>
  <system-out/>
  <testcase classname="com.buggycar.LinkTest" name="linkModelTest" time="1.796"/>
  <system-out/>
  <testcase classname="com.buggycar.LinkTest" name="linkOverallTest" time="2.385"/>
  <system-out/>
</testsuite> <!-- com.buggycar.LinkTest -->
