<?xml version="1.0" encoding="UTF-8"?>
<!-- Generated by org.testng.reporters.JUnitReportReporter -->
<testsuite hostname="zsw-MacBook-Pro.local" failures="0" tests="3" name="com.buggycar.LinkTest" time="6.384" errors="0" timestamp="2023-04-23T22:44:07 NZST" skipped="0">
  <testcase classname="com.buggycar.LinkTest" name="linkTest" time="1.843"/>
  <system-out/>
  <testcase classname="com.buggycar.LinkTest" name="linkModelTest" time="1.801"/>
  <system-out/>
  <testcase classname="com.buggycar.LinkTest" name="linkOverallTest" time="2.740"/>
  <system-out/>
</testsuite> <!-- com.buggycar.LinkTest -->
