<?xml version="1.0" encoding="UTF-8"?>
<!-- Generated by org.testng.reporters.JUnitReportReporter -->
<testsuite hostname="zsw-MacBook-Pro.local" failures="0" tests="2" name="com.buggycar.ProfileTest" time="7.978" errors="0" timestamp="2023-05-03T21:03:23 NZST" skipped="0">
  <testcase classname="com.buggycar.ProfileTest" name="profileTest" time="4.443"/>
  <system-out/>
  <testcase classname="com.buggycar.ProfileTest" name="profileTest" time="3.535"/>
  <system-out/>
</testsuite> <!-- com.buggycar.ProfileTest -->
