<?xml version="1.0" encoding="UTF-8"?>
<!-- Generated by org.testng.reporters.JUnitReportReporter -->
<testsuite hostname="zsw-MacBook-Pro.local" failures="0" tests="6" name="com.buggycar.LinkTest" time="15.511" errors="0" timestamp="2023-05-03T17:24:27 NZST" skipped="0">
  <testcase classname="com.buggycar.LinkTest" name="linkTest" time="1.719"/>
  <system-out/>
  <testcase classname="com.buggycar.LinkTest" name="linkTest" time="3.464"/>
  <system-out/>
  <testcase classname="com.buggycar.LinkTest" name="linkModelTest" time="3.532"/>
  <system-out/>
  <testcase classname="com.buggycar.LinkTest" name="linkModelTest" time="1.545"/>
  <system-out/>
  <testcase classname="com.buggycar.LinkTest" name="linkOverallTest" time="3.603"/>
  <system-out/>
  <testcase classname="com.buggycar.LinkTest" name="linkOverallTest" time="1.648"/>
  <system-out/>
</testsuite> <!-- com.buggycar.LinkTest -->
